<?xml version="1.0" encoding="utf-8" ?>
<!DOCTYPE html PUBLIC "-//W3C//DTD XHTML 1.0 Strict//EN"
        "http://www.w3.org/TR/xhtml1/DTD/xhtml1-strict.dtd">
<html xmlns="http://www.w3.org/1999/xhtml" xml:lang="" lang="">
<head>
  <title>Test Results Report - GmailTestSuite</title>
  <meta http-equiv="Content-Type" content="text/html;charset=utf-8" />
  <meta name="description" content="TestNG unit test results." />
  <link href="reportng.css" rel="stylesheet" type="text/css" />
    <script type="text/javascript" src="reportng.js"></script>
</head>
<body>
<h1>GmailTestSuite</h1>
<p>
  Test duration: 131.679s
</p>



  <table class="resultsTable">
    <tr><th colspan="3" class="header failed">Failed Tests</th></tr>
          <tr>
        <td colspan="3" class="group">com.epam.lab.gmailframework.GmailTest</td>
      </tr>
            
<tr>
  <td class="method">
                  testGmailFunctionality
      </td>
  <td class="duration">
    24.382s
  </td>
  <td class="result">
        
          <i>Method arguments: </i><span class="arguments">User{userEmail='balatskiyandr@gmail.com', userPassword='963852741bal1', letter=Letter{receiverEmail='Tarchanihor@gmail.com', subjectText='Selenium letter subject from balatskiyandr@gmail.com', contentLetter='It's letter sent from testng selenium test to Tarchanihor@gmail.com'}}
</span><br />
    
            <div class="testOutput">
                        2017-09-28 23:59:19 INFO TestNGListener.java, onTestStart - line 11: Test method has started running: testGmailFunctionality<br/>
<br />
                                2017-09-28 23:59:44 ERROR TestNGListener.java, onTestFailure - line 21: Test method :testGmailFunctionality result was failure<br/>
<br />
                  </div>
    

        <a href="javascript:toggleElement('exception-0', 'block')" title="Click to expand/collapse"><b>org.openqa.selenium.TimeoutException: Timed out after 10 seconds waiting for presence of element located by: By.xpath: //div[@class=&apos;T-I J-J5-Ji T-I-KE L3&apos;]<br/>
Build info: version: &apos;2.47.1&apos;, revision: &apos;unknown&apos;, time: &apos;2015-07-30 11:02:44&apos;<br/>
System info: host: &apos;Asus-N551JM&apos;, ip: &apos;192.168.1.25&apos;, os.name: &apos;Windows 10&apos;, os.arch: &apos;amd64&apos;, os.version: &apos;10.0&apos;, java.version: &apos;1.8.0_144&apos;<br/>
Driver info: org.openqa.selenium.chrome.ChromeDriver<br/>
Capabilities [{applicationCacheEnabled=false, rotatable=false, mobileEmulationEnabled=false, networkConnectionEnabled=false, chrome={chromedriverVersion=2.32.498550 (9dec58e66c31bcc53a9ce3c7226f0c1c5810906a), userDataDir=C:\Users\Yulian\AppData\Local\Temp\scoped_dir11896_12042}, takesHeapSnapshot=true, pageLoadStrategy=normal, databaseEnabled=false, handlesAlerts=true, hasTouchScreen=false, version=61.0.3163.100, platform=XP, browserConnectionEnabled=false, nativeEvents=true, acceptSslCerts=true, locationContextEnabled=true, webStorageEnabled=true, browserName=chrome, takesScreenshot=true, javascriptEnabled=true, cssSelectorsEnabled=true, setWindowRect=true, unexpectedAlertBehaviour=}]<br/>
Session ID: 9fbd3111db47b8c992718c97c7015443</b></a><br />
    <div class="stackTrace" id="exception-0">
              org.openqa.selenium.support.ui.WebDriverWait.timeoutException(WebDriverWait.java:80)<br />
              org.openqa.selenium.support.ui.FluentWait.until(FluentWait.java:229)<br />
              com.epam.lab.gmailframework.pageobjects.PageObject.waitPresenceOfElement(PageObject.java:24)<br />
              com.epam.lab.gmailframework.pageobjects.GmailHomePage.isLoggedIn(GmailHomePage.java:64)<br />
              com.epam.lab.gmailframework.businessobjects.GmailHomeBO.isSignIn(GmailHomeBO.java:15)<br />
              com.epam.lab.gmailframework.GmailTest.testGmailFunctionality(GmailTest.java:28)<br />
              sun.reflect.NativeMethodAccessorImpl.invoke0(Native Method)<br />
              sun.reflect.NativeMethodAccessorImpl.invoke(NativeMethodAccessorImpl.java:62)<br />
              sun.reflect.DelegatingMethodAccessorImpl.invoke(DelegatingMethodAccessorImpl.java:43)<br />
              java.lang.reflect.Method.invoke(Method.java:498)<br />
              org.testng.internal.MethodInvocationHelper.invokeMethod(MethodInvocationHelper.java:108)<br />
              org.testng.internal.Invoker.invokeMethod(Invoker.java:661)<br />
              org.testng.internal.Invoker.invokeTestMethod(Invoker.java:869)<br />
              org.testng.internal.TestMethodWithDataProviderMethodWorker.call(TestMethodWithDataProviderMethodWorker.java:75)<br />
              org.testng.internal.TestMethodWithDataProviderMethodWorker.call(TestMethodWithDataProviderMethodWorker.java:14)<br />
              java.util.concurrent.FutureTask.run(FutureTask.java:266)<br />
              java.util.concurrent.Executors$RunnableAdapter.call(Executors.java:511)<br />
              java.util.concurrent.FutureTask.run(FutureTask.java:266)<br />
              java.util.concurrent.ThreadPoolExecutor.runWorker(ThreadPoolExecutor.java:1149)<br />
              java.util.concurrent.ThreadPoolExecutor$Worker.run(ThreadPoolExecutor.java:624)<br />
              java.lang.Thread.run(Thread.java:748)<br />
                    <b>Caused by: </b> <a href="javascript:toggleElement('exception-1', 'block')" title="Click to expand/collapse">org.openqa.selenium.NoSuchElementException: no such element: Unable to locate element: {&quot;method&quot;:&quot;xpath&quot;,&quot;selector&quot;:&quot;//div[@class=&apos;T-I J-J5-Ji T-I-KE L3&apos;]&quot;}<br/>
&nbsp; (Session info: chrome=61.0.3163.100)<br/>
&nbsp; (Driver info: chromedriver=2.32.498550 (9dec58e66c31bcc53a9ce3c7226f0c1c5810906a),platform=Windows NT 10.0.15063 x86_64) (WARNING: The server did not provide any stacktrace information)<br/>
Command duration or timeout: 10.03 seconds<br/>
For documentation on this error, please visit: http://seleniumhq.org/exceptions/no_such_element.html<br/>
Build info: version: &apos;2.47.1&apos;, revision: &apos;unknown&apos;, time: &apos;2015-07-30 11:02:44&apos;<br/>
System info: host: &apos;Asus-N551JM&apos;, ip: &apos;192.168.1.25&apos;, os.name: &apos;Windows 10&apos;, os.arch: &apos;amd64&apos;, os.version: &apos;10.0&apos;, java.version: &apos;1.8.0_144&apos;<br/>
Driver info: org.openqa.selenium.chrome.ChromeDriver<br/>
Capabilities [{applicationCacheEnabled=false, rotatable=false, mobileEmulationEnabled=false, networkConnectionEnabled=false, chrome={chromedriverVersion=2.32.498550 (9dec58e66c31bcc53a9ce3c7226f0c1c5810906a), userDataDir=C:\Users\Yulian\AppData\Local\Temp\scoped_dir11896_12042}, takesHeapSnapshot=true, pageLoadStrategy=normal, databaseEnabled=false, handlesAlerts=true, hasTouchScreen=false, version=61.0.3163.100, platform=XP, browserConnectionEnabled=false, nativeEvents=true, acceptSslCerts=true, locationContextEnabled=true, webStorageEnabled=true, browserName=chrome, takesScreenshot=true, javascriptEnabled=true, cssSelectorsEnabled=true, setWindowRect=true, unexpectedAlertBehaviour=}]<br/>
Session ID: 9fbd3111db47b8c992718c97c7015443<br/>
*** Element info: {Using=xpath, value=//div[@class=&apos;T-I J-J5-Ji T-I-KE L3&apos;]}</a><br />
        <div class="stackTrace" id="exception-1">
                      sun.reflect.NativeConstructorAccessorImpl.newInstance0(Native Method)<br />
                      sun.reflect.NativeConstructorAccessorImpl.newInstance(NativeConstructorAccessorImpl.java:62)<br />
                      sun.reflect.DelegatingConstructorAccessorImpl.newInstance(DelegatingConstructorAccessorImpl.java:45)<br />
                      java.lang.reflect.Constructor.newInstance(Constructor.java:423)<br />
                      org.openqa.selenium.remote.ErrorHandler.createThrowable(ErrorHandler.java:206)<br />
                      org.openqa.selenium.remote.ErrorHandler.throwIfResponseFailed(ErrorHandler.java:158)<br />
                      org.openqa.selenium.remote.RemoteWebDriver.execute(RemoteWebDriver.java:595)<br />
                      org.openqa.selenium.remote.RemoteWebDriver.findElement(RemoteWebDriver.java:348)<br />
                      org.openqa.selenium.remote.RemoteWebDriver.findElementByXPath(RemoteWebDriver.java:445)<br />
                      org.openqa.selenium.By$ByXPath.findElement(By.java:358)<br />
                      org.openqa.selenium.remote.RemoteWebDriver.findElement(RemoteWebDriver.java:340)<br />
                      org.openqa.selenium.support.ui.ExpectedConditions.findElement(ExpectedConditions.java:861)<br />
                      org.openqa.selenium.support.ui.ExpectedConditions.access$000(ExpectedConditions.java:41)<br />
                      org.openqa.selenium.support.ui.ExpectedConditions$6.apply(ExpectedConditions.java:181)<br />
                      org.openqa.selenium.support.ui.ExpectedConditions$6.apply(ExpectedConditions.java:178)<br />
                      org.openqa.selenium.support.ui.FluentWait.until(FluentWait.java:209)<br />
                      com.epam.lab.gmailframework.pageobjects.PageObject.waitPresenceOfElement(PageObject.java:24)<br />
                      com.epam.lab.gmailframework.pageobjects.GmailHomePage.isLoggedIn(GmailHomePage.java:64)<br />
                      com.epam.lab.gmailframework.businessobjects.GmailHomeBO.isSignIn(GmailHomeBO.java:15)<br />
                      com.epam.lab.gmailframework.GmailTest.testGmailFunctionality(GmailTest.java:28)<br />
                      sun.reflect.NativeMethodAccessorImpl.invoke0(Native Method)<br />
                      sun.reflect.NativeMethodAccessorImpl.invoke(NativeMethodAccessorImpl.java:62)<br />
                      sun.reflect.DelegatingMethodAccessorImpl.invoke(DelegatingMethodAccessorImpl.java:43)<br />
                      java.lang.reflect.Method.invoke(Method.java:498)<br />
                      org.testng.internal.MethodInvocationHelper.invokeMethod(MethodInvocationHelper.java:108)<br />
                      org.testng.internal.Invoker.invokeMethod(Invoker.java:661)<br />
                      org.testng.internal.Invoker.invokeTestMethod(Invoker.java:869)<br />
                      org.testng.internal.TestMethodWithDataProviderMethodWorker.call(TestMethodWithDataProviderMethodWorker.java:75)<br />
                      org.testng.internal.TestMethodWithDataProviderMethodWorker.call(TestMethodWithDataProviderMethodWorker.java:14)<br />
                      java.util.concurrent.FutureTask.run(FutureTask.java:266)<br />
                      java.util.concurrent.Executors$RunnableAdapter.call(Executors.java:511)<br />
                      java.util.concurrent.FutureTask.run(FutureTask.java:266)<br />
                      java.util.concurrent.ThreadPoolExecutor.runWorker(ThreadPoolExecutor.java:1149)<br />
                      java.util.concurrent.ThreadPoolExecutor$Worker.run(ThreadPoolExecutor.java:624)<br />
                      java.lang.Thread.run(Thread.java:748)<br />
                  </div>
          </div>
      </td>
</tr>
<tr>
  <td class="method">
                  testGmailFunctionality
      </td>
  <td class="duration">
    21.623s
  </td>
  <td class="result">
        
          <i>Method arguments: </i><span class="arguments">User{userEmail='balatskiyandr@gmail.com1', userPassword='963852741bal', letter=Letter{receiverEmail='tuserfirst@gmail.com', subjectText='Selenium letter subject from balatskiyandr@gmail.com', contentLetter='It's letter sent from testng selenium test to Tarchanihor@gmail.com'}}
</span><br />
    
            <div class="testOutput">
                        2017-09-28 23:59:46 INFO TestNGListener.java, onTestStart - line 11: Test method has started running: testGmailFunctionality<br/>
<br />
                                2017-09-29 00:00:07 ERROR TestNGListener.java, onTestFailure - line 21: Test method :testGmailFunctionality result was failure<br/>
<br />
                  </div>
    

        <a href="javascript:toggleElement('exception-2', 'block')" title="Click to expand/collapse"><b>org.openqa.selenium.TimeoutException: Timed out after 10 seconds waiting for presence of element located by: By.xpath: //div[normalize-space(@class)=&apos;Xb9hP&apos;]/input[normalize-space(@type)=&apos;password&apos;]<br/>
Build info: version: &apos;2.47.1&apos;, revision: &apos;unknown&apos;, time: &apos;2015-07-30 11:02:44&apos;<br/>
System info: host: &apos;Asus-N551JM&apos;, ip: &apos;192.168.1.25&apos;, os.name: &apos;Windows 10&apos;, os.arch: &apos;amd64&apos;, os.version: &apos;10.0&apos;, java.version: &apos;1.8.0_144&apos;<br/>
Driver info: org.openqa.selenium.chrome.ChromeDriver<br/>
Capabilities [{applicationCacheEnabled=false, rotatable=false, mobileEmulationEnabled=false, networkConnectionEnabled=false, chrome={chromedriverVersion=2.32.498550 (9dec58e66c31bcc53a9ce3c7226f0c1c5810906a), userDataDir=C:\Users\Yulian\AppData\Local\Temp\scoped_dir13360_9069}, takesHeapSnapshot=true, pageLoadStrategy=normal, databaseEnabled=false, handlesAlerts=true, hasTouchScreen=false, version=61.0.3163.100, platform=XP, browserConnectionEnabled=false, nativeEvents=true, acceptSslCerts=true, locationContextEnabled=true, webStorageEnabled=true, browserName=chrome, takesScreenshot=true, javascriptEnabled=true, cssSelectorsEnabled=true, setWindowRect=true, unexpectedAlertBehaviour=}]<br/>
Session ID: 06ad16d792b0af0b88ee2e40db60b3d6</b></a><br />
    <div class="stackTrace" id="exception-2">
              org.openqa.selenium.support.ui.WebDriverWait.timeoutException(WebDriverWait.java:80)<br />
              org.openqa.selenium.support.ui.FluentWait.until(FluentWait.java:229)<br />
              com.epam.lab.gmailframework.pageobjects.PageObject.waitPresenceOfElement(PageObject.java:24)<br />
              com.epam.lab.gmailframework.pageobjects.GmailLoginPage.typePasswordAndSubmit(GmailLoginPage.java:34)<br />
              com.epam.lab.gmailframework.businessobjects.GmailLoginBO.signIn(GmailLoginBO.java:14)<br />
              com.epam.lab.gmailframework.GmailTest.testGmailFunctionality(GmailTest.java:26)<br />
              sun.reflect.NativeMethodAccessorImpl.invoke0(Native Method)<br />
              sun.reflect.NativeMethodAccessorImpl.invoke(NativeMethodAccessorImpl.java:62)<br />
              sun.reflect.DelegatingMethodAccessorImpl.invoke(DelegatingMethodAccessorImpl.java:43)<br />
              java.lang.reflect.Method.invoke(Method.java:498)<br />
              org.testng.internal.MethodInvocationHelper.invokeMethod(MethodInvocationHelper.java:108)<br />
              org.testng.internal.Invoker.invokeMethod(Invoker.java:661)<br />
              org.testng.internal.Invoker.invokeTestMethod(Invoker.java:869)<br />
              org.testng.internal.TestMethodWithDataProviderMethodWorker.call(TestMethodWithDataProviderMethodWorker.java:75)<br />
              org.testng.internal.TestMethodWithDataProviderMethodWorker.call(TestMethodWithDataProviderMethodWorker.java:14)<br />
              java.util.concurrent.FutureTask.run(FutureTask.java:266)<br />
              java.util.concurrent.Executors$RunnableAdapter.call(Executors.java:511)<br />
              java.util.concurrent.FutureTask.run(FutureTask.java:266)<br />
              java.util.concurrent.ThreadPoolExecutor.runWorker(ThreadPoolExecutor.java:1149)<br />
              java.util.concurrent.ThreadPoolExecutor$Worker.run(ThreadPoolExecutor.java:624)<br />
              java.lang.Thread.run(Thread.java:748)<br />
                    <b>Caused by: </b> <a href="javascript:toggleElement('exception-3', 'block')" title="Click to expand/collapse">org.openqa.selenium.NoSuchElementException: no such element: Unable to locate element: {&quot;method&quot;:&quot;xpath&quot;,&quot;selector&quot;:&quot;//div[normalize-space(@class)=&apos;Xb9hP&apos;]/input[normalize-space(@type)=&apos;password&apos;]&quot;}<br/>
&nbsp; (Session info: chrome=61.0.3163.100)<br/>
&nbsp; (Driver info: chromedriver=2.32.498550 (9dec58e66c31bcc53a9ce3c7226f0c1c5810906a),platform=Windows NT 10.0.15063 x86_64) (WARNING: The server did not provide any stacktrace information)<br/>
Command duration or timeout: 10.03 seconds<br/>
For documentation on this error, please visit: http://seleniumhq.org/exceptions/no_such_element.html<br/>
Build info: version: &apos;2.47.1&apos;, revision: &apos;unknown&apos;, time: &apos;2015-07-30 11:02:44&apos;<br/>
System info: host: &apos;Asus-N551JM&apos;, ip: &apos;192.168.1.25&apos;, os.name: &apos;Windows 10&apos;, os.arch: &apos;amd64&apos;, os.version: &apos;10.0&apos;, java.version: &apos;1.8.0_144&apos;<br/>
Driver info: org.openqa.selenium.chrome.ChromeDriver<br/>
Capabilities [{applicationCacheEnabled=false, rotatable=false, mobileEmulationEnabled=false, networkConnectionEnabled=false, chrome={chromedriverVersion=2.32.498550 (9dec58e66c31bcc53a9ce3c7226f0c1c5810906a), userDataDir=C:\Users\Yulian\AppData\Local\Temp\scoped_dir13360_9069}, takesHeapSnapshot=true, pageLoadStrategy=normal, databaseEnabled=false, handlesAlerts=true, hasTouchScreen=false, version=61.0.3163.100, platform=XP, browserConnectionEnabled=false, nativeEvents=true, acceptSslCerts=true, locationContextEnabled=true, webStorageEnabled=true, browserName=chrome, takesScreenshot=true, javascriptEnabled=true, cssSelectorsEnabled=true, setWindowRect=true, unexpectedAlertBehaviour=}]<br/>
Session ID: 06ad16d792b0af0b88ee2e40db60b3d6<br/>
*** Element info: {Using=xpath, value=//div[normalize-space(@class)=&apos;Xb9hP&apos;]/input[normalize-space(@type)=&apos;password&apos;]}</a><br />
        <div class="stackTrace" id="exception-3">
                      sun.reflect.NativeConstructorAccessorImpl.newInstance0(Native Method)<br />
                      sun.reflect.NativeConstructorAccessorImpl.newInstance(NativeConstructorAccessorImpl.java:62)<br />
                      sun.reflect.DelegatingConstructorAccessorImpl.newInstance(DelegatingConstructorAccessorImpl.java:45)<br />
                      java.lang.reflect.Constructor.newInstance(Constructor.java:423)<br />
                      org.openqa.selenium.remote.ErrorHandler.createThrowable(ErrorHandler.java:206)<br />
                      org.openqa.selenium.remote.ErrorHandler.throwIfResponseFailed(ErrorHandler.java:158)<br />
                      org.openqa.selenium.remote.RemoteWebDriver.execute(RemoteWebDriver.java:595)<br />
                      org.openqa.selenium.remote.RemoteWebDriver.findElement(RemoteWebDriver.java:348)<br />
                      org.openqa.selenium.remote.RemoteWebDriver.findElementByXPath(RemoteWebDriver.java:445)<br />
                      org.openqa.selenium.By$ByXPath.findElement(By.java:358)<br />
                      org.openqa.selenium.remote.RemoteWebDriver.findElement(RemoteWebDriver.java:340)<br />
                      org.openqa.selenium.support.ui.ExpectedConditions.findElement(ExpectedConditions.java:861)<br />
                      org.openqa.selenium.support.ui.ExpectedConditions.access$000(ExpectedConditions.java:41)<br />
                      org.openqa.selenium.support.ui.ExpectedConditions$6.apply(ExpectedConditions.java:181)<br />
                      org.openqa.selenium.support.ui.ExpectedConditions$6.apply(ExpectedConditions.java:178)<br />
                      org.openqa.selenium.support.ui.FluentWait.until(FluentWait.java:209)<br />
                      com.epam.lab.gmailframework.pageobjects.PageObject.waitPresenceOfElement(PageObject.java:24)<br />
                      com.epam.lab.gmailframework.pageobjects.GmailLoginPage.typePasswordAndSubmit(GmailLoginPage.java:34)<br />
                      com.epam.lab.gmailframework.businessobjects.GmailLoginBO.signIn(GmailLoginBO.java:14)<br />
                      com.epam.lab.gmailframework.GmailTest.testGmailFunctionality(GmailTest.java:26)<br />
                      sun.reflect.NativeMethodAccessorImpl.invoke0(Native Method)<br />
                      sun.reflect.NativeMethodAccessorImpl.invoke(NativeMethodAccessorImpl.java:62)<br />
                      sun.reflect.DelegatingMethodAccessorImpl.invoke(DelegatingMethodAccessorImpl.java:43)<br />
                      java.lang.reflect.Method.invoke(Method.java:498)<br />
                      org.testng.internal.MethodInvocationHelper.invokeMethod(MethodInvocationHelper.java:108)<br />
                      org.testng.internal.Invoker.invokeMethod(Invoker.java:661)<br />
                      org.testng.internal.Invoker.invokeTestMethod(Invoker.java:869)<br />
                      org.testng.internal.TestMethodWithDataProviderMethodWorker.call(TestMethodWithDataProviderMethodWorker.java:75)<br />
                      org.testng.internal.TestMethodWithDataProviderMethodWorker.call(TestMethodWithDataProviderMethodWorker.java:14)<br />
                      java.util.concurrent.FutureTask.run(FutureTask.java:266)<br />
                      java.util.concurrent.Executors$RunnableAdapter.call(Executors.java:511)<br />
                      java.util.concurrent.FutureTask.run(FutureTask.java:266)<br />
                      java.util.concurrent.ThreadPoolExecutor.runWorker(ThreadPoolExecutor.java:1149)<br />
                      java.util.concurrent.ThreadPoolExecutor$Worker.run(ThreadPoolExecutor.java:624)<br />
                      java.lang.Thread.run(Thread.java:748)<br />
                  </div>
          </div>
      </td>
</tr>
      </table>


  <table class="resultsTable">
    <tr><th colspan="3" class="header passed">Passed Tests</th></tr>
          <tr>
        <td colspan="3" class="group">com.epam.lab.gmailframework.GmailTest</td>
      </tr>
            
<tr>
  <td class="method">
                  testGmailFunctionality
      </td>
  <td class="duration">
    25.674s
  </td>
  <td class="result">
        
          <i>Method arguments: </i><span class="arguments">User{userEmail='tuserfirst@gmail.com', userPassword='tuserfirst12345', letter=Letter{receiverEmail='balatskiyandr@gmail.com', subjectText='Selenium letter subject from tuserfirst@gmail.com', contentLetter='It's letter sent from testng selenium test to balatskiyandr@gmail.com'}}
</span><br />
    
            <div class="testOutput">
                        2017-09-28 23:59:19 INFO TestNGListener.java, onTestStart - line 11: Test method has started running: testGmailFunctionality<br/>
<br />
                                2017-09-28 23:59:38 INFO GmailHomePage.java, isLoggedIn - line 66: User successfully logged in<br/>
<br />
                                2017-09-28 23:59:38 INFO GmailHomePage.java, writeLetter - line 54: Compose button was clicked<br/>
<br />
                                2017-09-28 23:59:43 INFO GmailHomePage.java, writeLetter - line 58: Letter successfully was written<br/>
<br />
                                2017-09-28 23:59:43 INFO GmailHomePage.java, writeLetter - line 60: Letter was closed<br/>
<br />
                                2017-09-28 23:59:43 INFO GmailHomePage.java, getLettersFromSection - line 110: Navigate to: https://mail.google.com/mail/#drafts<br/>
<br />
                                2017-09-28 23:59:44 INFO GmailHomePage.java, isSavedInSection - line 93: Message successfully saved in Drafts (21)<br/>
<br />
                                2017-09-28 23:59:45 INFO GmailHomePage.java, sendLetterFromDraft - line 105: Message from draft successfully sent<br/>
<br />
                                2017-09-28 23:59:45 INFO GmailHomePage.java, getLettersFromSection - line 110: Navigate to: https://mail.google.com/mail/#sent<br/>
<br />
                                2017-09-28 23:59:45 INFO GmailHomePage.java, isSavedInSection - line 93: Message successfully saved in Sent Mail<br/>
<br />
                                2017-09-28 23:59:45 INFO TestNGListener.java, onTestSuccess - line 16: Test method :testGmailFunctionality result was success<br/>
<br />
                  </div>
    

      </td>
</tr>
<tr>
  <td class="method">
                  testGmailFunctionality
      </td>
  <td class="duration">
    25.410s
  </td>
  <td class="result">
        
          <i>Method arguments: </i><span class="arguments">User{userEmail='Tarchanihor@gmail.com', userPassword='qweqweqwe', letter=Letter{receiverEmail='balatskiyandr@gmail.com', subjectText='Selenium letter subject from tuserfirst@gmail.com', contentLetter='It's letter sent from testng selenium test to balatskiyandr@gmail.com'}}
</span><br />
    
            <div class="testOutput">
                        2017-09-28 23:59:47 INFO TestNGListener.java, onTestStart - line 11: Test method has started running: testGmailFunctionality<br/>
<br />
                                2017-09-29 00:00:04 INFO GmailHomePage.java, isLoggedIn - line 66: User successfully logged in<br/>
<br />
                                2017-09-29 00:00:04 INFO GmailHomePage.java, writeLetter - line 54: Compose button was clicked<br/>
<br />
                                2017-09-29 00:00:10 INFO GmailHomePage.java, writeLetter - line 58: Letter successfully was written<br/>
<br />
                                2017-09-29 00:00:10 INFO GmailHomePage.java, writeLetter - line 60: Letter was closed<br/>
<br />
                                2017-09-29 00:00:10 INFO GmailHomePage.java, getLettersFromSection - line 110: Navigate to: https://mail.google.com/mail/#drafts<br/>
<br />
                                2017-09-29 00:00:11 INFO GmailHomePage.java, isSavedInSection - line 93: Message successfully saved in Drafts (24)<br/>
<br />
                                2017-09-29 00:00:12 INFO GmailHomePage.java, sendLetterFromDraft - line 105: Message from draft successfully sent<br/>
<br />
                                2017-09-29 00:00:12 INFO GmailHomePage.java, getLettersFromSection - line 110: Navigate to: https://mail.google.com/mail/#sent<br/>
<br />
                                2017-09-29 00:00:12 INFO GmailHomePage.java, isSavedInSection - line 93: Message successfully saved in Sent Mail<br/>
<br />
                                2017-09-29 00:00:12 INFO TestNGListener.java, onTestSuccess - line 16: Test method :testGmailFunctionality result was success<br/>
<br />
                  </div>
    

      </td>
</tr>
<tr>
  <td class="method">
                  testGmailFunctionality
      </td>
  <td class="duration">
    26.889s
  </td>
  <td class="result">
        
          <i>Method arguments: </i><span class="arguments">User{userEmail='Tarchanihor@gmail.com', userPassword='qweqweqwe', letter=Letter{receiverEmail='balatskiyandr@gmail.com', subjectText='Selenium letter subject from Tarchanihor@gmail.com', contentLetter='It's letter sent from testng selenium test to balatskiyandr@gmail.com'}}
</span><br />
    
            <div class="testOutput">
                        2017-09-28 23:59:19 INFO TestNGListener.java, onTestStart - line 11: Test method has started running: testGmailFunctionality<br/>
<br />
                                2017-09-28 23:59:39 INFO GmailHomePage.java, isLoggedIn - line 66: User successfully logged in<br/>
<br />
                                2017-09-28 23:59:41 INFO GmailHomePage.java, writeLetter - line 54: Compose button was clicked<br/>
<br />
                                2017-09-28 23:59:44 INFO GmailHomePage.java, writeLetter - line 58: Letter successfully was written<br/>
<br />
                                2017-09-28 23:59:45 INFO GmailHomePage.java, writeLetter - line 60: Letter was closed<br/>
<br />
                                2017-09-28 23:59:45 INFO GmailHomePage.java, getLettersFromSection - line 110: Navigate to: https://mail.google.com/mail/#drafts<br/>
<br />
                                2017-09-28 23:59:45 INFO GmailHomePage.java, isSavedInSection - line 93: Message successfully saved in Drafts (23)<br/>
<br />
                                2017-09-28 23:59:46 INFO GmailHomePage.java, sendLetterFromDraft - line 105: Message from draft successfully sent<br/>
<br />
                                2017-09-28 23:59:46 INFO GmailHomePage.java, getLettersFromSection - line 110: Navigate to: https://mail.google.com/mail/#sent<br/>
<br />
                                2017-09-28 23:59:46 INFO GmailHomePage.java, isSavedInSection - line 93: Message successfully saved in Sent Mail<br/>
<br />
                                2017-09-28 23:59:46 INFO TestNGListener.java, onTestSuccess - line 16: Test method :testGmailFunctionality result was success<br/>
<br />
                  </div>
    

      </td>
</tr>
      </table>
  
</body>
</html>
